EC57204CAF634CD387397D84F407FC5A912C461CC4C8FCEE11542DA9E584FE17,\\scsgttsqlpd15.amr.corp.intel.com\hrc\archive\output\excelprocessed\6004821890_ap01_usd_jan032022_09011221_20449389.xlsx
D098533FACEC0EA36B231AD6810E35FCBBCFA99F9BC8396A7C7D66F4102DB90C,\\scsgttsqlpd15.amr.corp.intel.com\hrc\archive\output\excelprocessed\6004821980_ap21_usd_nov262021_05093137_0.xlsx
FE7AD42BA395AF1D191B1F706BEB3490DFEAF7615C1E11410E51437970F6BF74,\\scsgttsqlpd15.amr.corp.intel.com\hrc\archive\output\excelprocessed\6004821980_ap21_usd_nov262021_0512178_0.xlsx
4DF6E0059835479465A862CE118156F369E2B88CBFF813513A42DA89C8164F51,\\scsgttsqlpd15.amr.corp.intel.com\hrc\archive\output\excelprocessed\6004822001_ap01_usd_aug302021_10371774_629046.3.xlsx
4C349F7B80436B3084C4EE6571431768A32E8C769A6C8EC3162703922A02AC18,\\scsgttsqlpd15.amr.corp.intel.com\hrc\archive\output\excelprocessed\6004822044_am03_usd_dec082021_11350646_4376351.xlsx
DE7A51CFD0598D89B38DAAD3338F1352A0754261F0B8D9244F1CE67BA957A113,\\scsgttsqlpd15.amr.corp.intel.com\hrc\archive\output\excelprocessed\6004822044_am03_usd_feb232022_01065113_1531800.xlsx
C49D2A83628B8099C3485725D1B0908AD25F1C804967E042A66A08C432F6BD6A,\\scsgttsqlpd15.amr.corp.intel.com\hrc\archive\output\excelprocessed\6004822044_am03_usd_jan032022_07074923_3159607.xlsx
F1F69623938D901DBA3169E5C061DB470A36AD957CF46151275979E48878394D,\\scsgttsqlpd15.amr.corp.intel.com\hrc\archive\output\excelprocessed\6004822115_ap01_usd_jan052022_07300612_2258077.xlsx
5E52A340D98FA9F972689555FEAA5F00071005797300B6D47941DE954276CE05,\\scsgttsqlpd15.amr.corp.intel.com\hrc\archive\output\excelprocessed\6004822156_am03_usd_feb012022_0108305_3516357.72.xlsx
842BA23AD3377AC141CC8CB4578823C4A9ACDC0AAB84BEABA096DE326F11A1F6,\\scsgttsqlpd15.amr.corp.intel.com\hrc\archive\output\excelprocessed\6004822164_ap01_usd_dec062021_10190732_0.xlsx
8F8DA42CBF9D42E032C3ABF77DF2975BACD4AB8DCFEF89A88D829B9BABA84829,\\scsgttsqlpd15.amr.corp.intel.com\hrc\archive\output\excelprocessed\6004822164_ap01_usd_dec072021_0819071_0.xlsx
895C7306BFD6BC4A96F9E74972B369B6A27F34AA17FFA2C332F6F98CFCFA7332,\\scsgttsqlpd15.amr.corp.intel.com\hrc\archive\output\excelprocessed\6004822164_ap01_usd_sep072021_01431972_8430698.77.xlsx
53F824BA872B787932C74B3646BE927E43B48BEAFB17E97C2E5B0CED434B0038,\\scsgttsqlpd15.amr.corp.intel.com\hrc\archive\output\excelprocessed\6004822169_am03_usd_feb252022_0205182_230100.xlsx
76DFB92DA8F8F8C81B66A2CAA9842C595DF19E4418D8A4B035CF78B1ADA3AA79,\\scsgttsqlpd15.amr.corp.intel.com\hrc\archive\output\excelprocessed\6004822194_am03_usd_feb072022_03034339_295862.25.xlsx
9AE08197B54E8AE0F1C54325B58C2B6D64C996409D9E223A7ECA7D75E4929F82,\\scsgttsqlpd15.amr.corp.intel.com\hrc\archive\output\excelprocessed\6004822194_am03_usd_feb082022_03083436_80847.75.xlsx
2E87017C372E1850230023D79EF8C43ED474CEF4D4801B885E3F151E3240A61E,\\scsgttsqlpd15.amr.corp.intel.com\hrc\archive\output\excelprocessed\6004822196_eu02_usd_feb222022_05322715_629998.xlsx
26F81D9BA7616AB574A66B71D3851038B64D69961F87D675F58D47283363A0E4,c:\users\rosenste\onedrive - intel corporation\desktop\school\חישוביות\computability summer 2020 syllabus.docx
51A7C7E09DBCE3551349809CEA325DB904F6C89E3ABB945C7829B68B76F37F97,c:\users\rosenste\onedrive - intel corporation\desktop\school\חישוביות\np.doc
2B90D4E49C9EE7E0DFB9D4C00342A77372D1B1A5B4A099215A021F8ECE73753E,c:\users\rosenste\onedrive - intel corporation\desktop\school\חישוביות\ps11.doc
D1E03B6006EA8C16BE6040E6BF09EC0BECF762C4A2E17AF2DCA49C5B4421DEC1,c:\users\rosenste\onedrive - intel corporation\desktop\school\חישוביות\מטלה 2.docx
91971BBED78C5C6DA8B2FE5888648437B042713D2FCE9EA56E8CBB1ADDA431F6,c:\users\rosenste\onedrive - intel corporation\desktop\school\חישוביות\סיכום.docx
5BEF644672CD69B4D4BC828BB080B85CE4F2A8F1539129188EEBD85DF029B8CD,c:\users\rosenste\onedrive - intel corporation\desktop\school\חישוביות\תרגול 1.docx
387192D68DCFE83AE2446E50353056B987F248BBD49118DE69163A79259AC3FA,c:\users\rosenste\onedrive - intel corporation\desktop\school\חשבונאות\שאלות תמחיר תקן.docx
443E39B1DCDE4A48FBE8A8150A49DE36ABD08F149EE028CF772170DA5DEAA392,c:\users\rosenste\onedrive - intel corporation\desktop\school\מערך מפעלים\אבן דרך 1.docx
44A5FEBC730AE8BD2B7DE8995F18AF1664A96C5E477D5F77F121527069A9B957,c:\users\rosenste\onedrive - intel corporation\desktop\school\ניהול הייצור 2\55-030-01.docx
D47D467E6E04E6AD974ED1658C48E41704B8C35E4CA2089DF9AB5F1D511F7CD8,c:\users\rosenste\onedrive - intel corporation\desktop\school\ניהול הייצור 2\formulae page 2017.docx
2736D8AD5ED132A7BD62996211F04A8E5F25FDE79D7B646B745E3D91C8A7D877,c:\users\rosenste\onedrive - intel corporation\desktop\school\ניהול הייצור 2\formulae page 2019.docx
8D4046D4635B1AC0A47A184AEFDE04E5F4F7D99567CD9FF192705A0A63DC16CF,c:\users\rosenste\onedrive - intel corporation\desktop\school\ניהול הייצור 2\new fp excercise 2019-2020 v1 .docx
34849DA9E272BC1AED2FE14C634F0E5AFBD254012BAC7818DAB7A56942EF54A3,c:\users\rosenste\onedrive - intel corporation\desktop\school\ניהול הייצור 2\new fp excercise 2019-2020.docx
489D88F915C1B919C481A553CD36046C55C4884CA9A493BA48016C307EF2D992,c:\users\rosenste\onedrive - intel corporation\desktop\school\ניהול הייצור 2\תשפ\advanced-jmp-syllabus.docx
959D38A639149673A6F2F138235F880E923E1FD1006925F92C134B6FCFFCEE11,c:\users\rosenste\onedrive - intel corporation\desktop\school\ניהול הייצור 2\תשפ\חוברת תרגילים- ניהול הייצור 2 - v02.docx
AD16FEAF709D55417FF56AEB0196AA18AF9EBF7D4AC4F191024D78ED020AAF7B,c:\users\rosenste\onedrive - intel corporation\desktop\school\ניהול הייצור 2\תשפ\תרגול חזרה.docx
67562BCA87201C3EC063608768F3A08B210CD674D2404ADCB9931DE4D3D3718A,c:\users\rosenste\onedrive - intel corporation\desktop\school\ניהול מערכות אספקת מלאי\__ניהול מלאי שיעור 5.docx
2E68246B8FF48735C6A7A1115FF1AC7FEEEBAA334696FF0956C96BE46F09ECFE,c:\users\rosenste\onedrive - intel corporation\desktop\school\ניהול מערכות אספקת מלאי\stock_theory.doc
B61AEB0346E66F9DAF51208A83C737A22CD3E15A811277DA1014D69BAC118330,c:\users\rosenste\onedrive - intel corporation\desktop\school\ניהול מערכות אספקת מלאי\בקשה להעסקת בודק תרגילים-19.doc
6C8B071F8D0CED69890DF902B6AC89CF8A12EDF1E8B048B815EE38C5822AF0B7,c:\users\rosenste\onedrive - intel corporation\desktop\school\ניהול מערכות אספקת מלאי\דוח סופי -1.docx
457FAB228C2F34A340589B0FF3D0C1C53AB1E37AC8E6CC8479889BD2DB1788AB,c:\users\rosenste\onedrive - intel corporation\desktop\school\ניהול מערכות אספקת מלאי\דוח סופי.docx
15EBFF0A718326A4838DFE33151345AA2E5EBC9B720C60A82D7124BE8B05FC42,c:\users\rosenste\onedrive - intel corporation\desktop\school\ניהול מערכות אספקת מלאי\עבודה.docx
928879057CEC0639D6710F7970736EBD8BD75456B332D19E7C8EBDAF30E31C51,c:\users\rosenste\onedrive - intel corporation\desktop\school\ניהול מערכות אספקת מלאי\עוד נוסחאות.docx
55282567B95815721B719EF61B54F3A4DFB518B339AE8C2AEC6CA71530BA1DEA,c:\users\rosenste\onedrive - intel corporation\desktop\school\ניהול מערכות אספקת מלאי\שיראל - יונית - מטלה - לא סופי.docx
902BE4B979E20F05431645EB7ACB61C76C37990B881E04683F1FD7D9F687686E,c:\users\rosenste\onedrive - intel corporation\desktop\school\ניתוח אירועים בתעשייה\toys r us.docx
DF9FFE64278FEB2E4C85DDB37660FBE164C108A036907CFAE71CB7C8E3FA2AAD,c:\users\rosenste\onedrive - intel corporation\desktop\school\ניתוח אירועים בתעשייה\הדוח.docx
DF9FFE64278FEB2E4C85DDB37660FBE164C108A036907CFAE71CB7C8E3FA2AAD,c:\users\rosenste\onedrive - intel corporation\desktop\school\ניתוח אירועים בתעשייה\מבוא.docx
32F4821C5F30E362388C3AD4B3330CC3DDF472E761D396576304944F0CD700C5,c:\users\rosenste\onedrive - intel corporation\desktop\school\ניתוח אירועים בתעשייה\מטלה 3 .docx
80DDF35BE5249D09C60E68F6389C44BC1A92B696199E8DAEC765177F3B624012,c:\users\rosenste\onedrive - intel corporation\desktop\school\ניתוח אירועים בתעשייה\ניתוח - עבודה (1) (1).docx
20D62989946CCD942CD4977737898E14D7DA43DE6E595AE07C02B8E00E46F6F2,c:\users\rosenste\onedrive - intel corporation\desktop\school\ניתוח אירועים בתעשייה\ניתוח - עבודה (1).docx
0E8489AE16A150F9A52570AD3149A9C047E41A03FE3C72449932A9DE3FB01A99,c:\users\rosenste\onedrive - intel corporation\desktop\school\ניתוח אירועים בתעשייה\ניתוח מקרה vioxx2020.docx
5284E86673D69CD0851A62A1C1ACC9F9D9A0F532DC770BBE86969E46DC262C9C,c:\users\rosenste\onedrive - intel corporation\desktop\school\ניתוח אירועים בתעשייה\סילבוס ניתוח אירועים בתעשייה תשף.docx
9ED330B8AA18CCE40C9964BA1D60B9C4A077509BF20B44D750AA8F7353FD72B3,c:\users\rosenste\onedrive - intel corporation\desktop\school\סיבוכיות שיעור 1.docx
7375168C9C739AEBB7675B918E245D2074C53BA2F8CD46C1D9B4515226AC8FD7,c:\users\rosenste\onedrive - intel corporation\desktop\school\סיבוכיות\סיבוכיות שיעור 2.docx
65B6A2B881F3CB5F1BD4FEF65146092C3060D55EA8A04750A6253987073419DA,c:\users\rosenste\onedrive - intel corporation\desktop\school\סיבוכיות\שבוע 1 שיעור 2.docx
DB9C2D0E7B7DFE03F1E1C8263C0361641DA60DC584F3CF214F89CE16D4482963,c:\users\rosenste\onedrive - intel corporation\desktop\school\שיווק\חוברת מבוא לשיווק של מישהו 2.doc
EB77A8F3DE85C0EE0DB14164F3D303C998FAEA6705B2E42CDAB05347239A91B7,c:\users\rosenste\onedrive - intel corporation\desktop\school\שיווק\כל_השאלות.docx
959DDE568DFC1BF53D1EE89410D7562B4975D8728D24397801D8384A9E6347F1,c:\users\rosenste\onedrive - intel corporation\desktop\school\שיווק\סיכום דניאלה.docx
65173C3CE6033475CC215FD6C39E6331303A122393FB83E472D6FD82B4D5EB7E,c:\users\rosenste\onedrive - intel corporation\desktop\school\שיווק\שאלות בלי תשובות.docx
DEDBE64B90705CBF22A437224C2AA84951AD12B83F12B52E13EE53DBA045A704,c:\users\rosenste\onedrive - intel corporation\desktop\school\שיטות חיזוי\a&t_project book.doc
756903DA011EB049D277E85F37F183E3A9413960B617B1DFE1680BF2D89E1584,c:\users\rosenste\onedrive - intel corporation\desktop\school\שיטות חיזוי\הדפסה\לנוסחאות של יונה.docx
505700BD4985E54A448CA6BD8315055B806123467E474AE443D3273D015A1723,c:\users\rosenste\onedrive - intel corporation\desktop\school\שיטות חיזוי\נוסחאות.docx
D99CA75E393738566BC65A6BFBFB1D9AE39A9CD57BBF3AD669EFF919D5DCC7F5,c:\users\rosenste\onedrive - intel corporation\desktop\school\תקשורת שיווקית\2b304a20-1497-46a6-8090-969e325ee91d_637245516714356250.doc
E354DB3E28B504B7327692FCDC9D8E4F13E41A57B907349F591958D7C1A0E984,c:\users\rosenste\onedrive - intel corporation\desktop\school\תקשורת שיווקית\דוגמאות לשאלות בחינה.doc
52DEFE257BFDFF4AE5D0637724D8F2B8B1D319002E842482864F43041451E448,c:\users\rosenste\onedrive - intel corporation\desktop\school\תקשורת שיווקית\סיכום דניאלה -תקשורת שיווקית ומסחר.docx
DEC608465EDA647E594E285526D2E801C6CCDE308FC76C822E94B49C8DE538B6,c:\users\rosenste\onedrive - intel corporation\desktop\school\תקשורת שיווקית\סיכום משולב שיראל - כולל גרפים.docx
025C0793841B8826693D306E457011766B8F75FFAB05DFFAC175F494791FA31E,c:\users\rosenste\onedrive - intel corporation\desktop\school\תקשורת שיווקית\פתרונות למבחן.docx
EB1CC3B66F72711047781EB9847A2B1C5785707D3405FD6294040E562C351097,c:\users\rosenste\onedrive - intel corporation\desktop\school\תקשורת שיווקית\שיעור 1.docx
ECF6EF795BF33239DCFB0F181B4F15E0D8CA4BB14ABCA13395E6F39DF16ABB87,c:\users\rosenste\onedrive - intel corporation\desktop\treasury training\comments.docx
F8BB9E6E0E730FC9543549DC8B7B0B63DC700A0B999AD022B073B8DDBB29541B,c:\users\rosenste\onedrive - intel corporation\desktop\treasury training\excel_vba\letter-word.docx
B162A5834749A91A6F8C6FB47580F17E26BF14787CEBCD35BF95111B0A6A31D7,c:\users\rosenste\onedrive - intel corporation\desktop\treasury training\excel_vba\letter_maria bohm.docx
AFA800FCE451B14327FB93F02459B527844A991C512DFBCC470D3801FA341FD3,c:\users\rosenste\onedrive - intel corporation\desktop\treasury training\excel_vba\letter_tom berger.docx
DD7C030C673759E61FE32C536152CEA6A8AB0040CF7511BFC7F2358F21488FAA,c:\users\rosenste\onedrive - intel corporation\desktop\ui path fix.docx
BC862E243A485414E1AD0A565317AA1A027E2FCCCB79DB5CF9B8D419DBEF7FAD,c:\users\rosenste\onedrive - intel corporation\desktop\בנקים\leumi\פתיחת חשבון\הוראות למלא טפסים.docx
ABEA8DEEB670C5B54E9F0D4F80035486E2E58F1117C515FE9F4B646AFE40CAB8,c:\users\rosenste\onedrive - intel corporation\operational admin handbook-csa.docx
954F802DBE312F6D4EEC5EBB1F1B5D8F9BB7225B5C810913956D42FB5246AEE0,c:\users\rosenste\downloads\ax2020_creditremittance.pptx
81331D9039ABF16FB025776AD848D07D9C3104C5C8890BF675D8C305E6EF219E,c:\users\rosenste\downloads\ax2020_creditremittance_interactivemodel (1).pptx
2C01C6A1DD02CA7138672890188D85FF048823CD12186DD0A7E72D45411D4650,c:\users\rosenste\downloads\ax2020_creditremittance_interactivemodel.pptx
C0314C8D2D1A628B1C3CFAF65354995299D87D2718F51E5CB0F280059345043A,c:\users\rosenste\downloads\hana data integration tools guidance.pptx
4CC008AD3AA9C4E2C534DEF528BDEA87C9FF65567C68E695F1BC7B59810EC905,c:\users\rosenste\downloads\מועדון רוגבי ינשופות.pptx
9D66158BD6DF6024B8F29105CE560248B8EEA1AE6F1258B4BF633190DB810F42,c:\users\rosenste\downloads\מצגת לשחקניות חדשות.pptx
0C62588DBBD5D57B3BBAEF1739D9AF9C127F6584DAD84E15DEF3CED6C8EAFE9B,c:\users\rosenste\onedrive - intel corporation\desktop\automation ideas.pptx
89EE322780E3B909362C4C1ED4C0C1FAAD2582BDD2402E024C1D7EF9127A3BA7,c:\users\rosenste\onedrive - intel corporation\desktop\csa-auto\csa overview (002).potx
76A031C9C362655C64F6CD60DBCEA155572CA72D40B56C67CEE6A59231FFAF12,c:\users\rosenste\onedrive - intel corporation\desktop\csa-auto\csa overview.potx
75E31606B1356678373BA75D4F2E45B8EE77A21497C6AB3D8824A72FE85575DC,c:\users\rosenste\onedrive - intel corporation\desktop\csa\documentation\csa automation.pptx
ABE5455104A2D84E8A25101D43D1B3E4079E61DC8312BFE1D9385972104D5586,c:\users\rosenste\onedrive - intel corporation\desktop\projects\hrc\intel theme.potx
1A8825AE227939414F6A34D4373FB84A01C3AE6000D1697A291C71E6FC6659C7,c:\users\rosenste\onedrive - intel corporation\desktop\school\search engines\lesson 2.pptx
440F40D0EA85318376860C845778C3E735425C0353DFC1A950DDAE9E7E74C70C,c:\users\rosenste\onedrive - intel corporation\desktop\school\search engines\מצגות\answers to exercises on hits.pptx
C05FD31CED6A21A906FBCF6D9837C6D25A9251A32E04F37A4422D3C46FB14C07,c:\users\rosenste\onedrive - intel corporation\desktop\school\search engines\מצגות\lesson 2 - with answers.pptx
081F079D71AEF8E4782CE3E411D7B4D7BE009985A469EA1B7528532B8622B406,c:\users\rosenste\onedrive - intel corporation\desktop\school\search engines\מצגות\lesson 2.pptx
4BC1B5DC2C15B0CDEEF7D76E36953A4871CBA623D52E13D48523C109E18EF43A,c:\users\rosenste\onedrive - intel corporation\desktop\school\search engines\מצגות\lesson 3 students with answers.pptx
292F9EA4A9823D26E44291E907C3C0108AC18B68581D805F865ECDBA858E2B8F,c:\users\rosenste\onedrive - intel corporation\desktop\school\search engines\מצגות\lesson 7 web retrieval - 2020 - students.pptx
66AEE1CC888FB64043E9A970E0CA1F932032233D73772312ADBCD665B3D37B2C,c:\users\rosenste\onedrive - intel corporation\desktop\school\search engines\מצגות\lesson10_ltr.pptx
F722A05B313B89FDFA0450435A3291A83FF35C1E97B566F82EBF1C98687E13DB,c:\users\rosenste\onedrive - intel corporation\desktop\school\search engines\מצגות\link analysis_2020 - students_a.pptx
34DEAC46D8B1AE9D0002B60FAAB17205BEAF2B133A82872A3CF67CA4C1F6BC47,c:\users\rosenste\onedrive - intel corporation\desktop\school\search engines\מצגות\link analysis_2020 - students_b.pptx
CA3D7F8D0B1762C6AD4A524BFD6F4A8BD1A24CB6BE4FA4A8E41BB2822C9EEC4B,c:\users\rosenste\onedrive - intel corporation\desktop\school\search engines\מצגות\link analysis_2020_hits - students.pptx
627CB67EDB46D79AF1076A5A817B6CA0980F4E723FC0491E82AE3443586DEFD8,c:\users\rosenste\onedrive - intel corporation\desktop\school\search engines\מצגות\nצגת 1.pptx
6F9FE045C4551663394BA8ED38AFE85140B1194FB5EFD0BB069B79FF236D08C4,c:\users\rosenste\onedrive - intel corporation\desktop\school\search engines\מצגות\search engine optimization - students.pptx
A76F1217FC9BA5927BD5D68AC5556C3D8C46F653352F7EC947E5D9F344F6470F,c:\users\rosenste\onedrive - intel corporation\desktop\school\search engines\מצגות\שיעור 5_מדדי הערכה_תשף דיגיטלי - students copy.pptx
66E80E7714A36E7FD93CDC987BAF5EE7994E31FD60B3DCF0E6637989F5FDE329,\\scsgttsqlpd15.amr.corp.intel.com\hrc\archive\csv_mapping.xlsx
74DFE80C36FCEE9C1D200D023518D39A97AE7C25679C436EEC1E7460EE624500,\\scsgttsqlpd15.amr.corp.intel.com\hrc\archive\output\excelprocessed\6004822196_eu02_usd_feb222022_0532272_629998.xlsx
629D69A25FDA0FEABBA26A25DB570F1F632A160FD747DD0B75C1D0F5ABEE2767,\\scsgttsqlpd15.amr.corp.intel.com\hrc\archive\output\excelprocessed\6004822320_ap21_usd_dec062021_1042333_0.xlsx
5C2401C2C5A328C5FE9037A77F94F754998134F797310819327B10A3FB2C6236,\\scsgttsqlpd15.amr.corp.intel.com\hrc\archive\output\excelprocessed\6004822320_ap21_usd_dec062021_1042334_0.xlsx
E0270B3BBD8DA83B8AEE79C441155CC2CE3C369BB7248CE76A034E631CB6D7B9,\\scsgttsqlpd15.amr.corp.intel.com\hrc\archive\output\excelprocessed\6004822321_am03_usd_dec072021_04033329_16672316.xlsx
666892CDF0E3BC521D3D363A960757D0A454BF404629B93D77AEBE7C06811508,\\scsgttsqlpd15.amr.corp.intel.com\hrc\archive\output\excelprocessed\6004822321_am03_usd_feb072022_03291938_22250.xlsx
8D64328BA8C418838D12AA54EE9106534AB1D896073283527BBECCDA4985413C,\\scsgttsqlpd15.amr.corp.intel.com\hrc\archive\output\excelprocessed\6004822321_am03_usd_feb222022_0501505_2618675.4.xlsx
D112D754CFAEDE195362F6F663505A690896D67DBD46E88983EF1963D8217784,\\scsgttsqlpd15.amr.corp.intel.com\hrc\archive\output\excelprocessed\6100087219_eu02_usd_dec142021_03520540_-963280.xlsx
D688B402396971BDF911505B54E0DC3A33436C92EDD698D974D747B5C869B636,\\scsgttsqlpd15.amr.corp.intel.com\hrc\archive\output\excelprocessed\6100207091_am03_usd_feb282022_1200144_695554.75.xlsx
A27B07D2448DF364988C3236DFEB29C7EC402777906E8B97FABA418529311FD1,\\scsgttsqlpd15.amr.corp.intel.com\hrc\archive\output\excelrejected\6004821819_eu02_usd_dec072021_0624593_0.xlsx
543FB8F610121898B8A85EB501A05FEA95168E8A50221E8F82E87BD499432B74,\\scsgttsqlpd15.amr.corp.intel.com\hrc\archive\output\excelrejected\6004821819_eu02_usd_dec072021_06245950_0.xlsx
996FD401EBF5067353F7EDBFFD948EF2AE05759FEFC531CF2CE638BC82C384B0,\\scsgttsqlpd15.amr.corp.intel.com\hrc\archive\output\excelrejected\6004821819_eu02_usd_mar252022_0728350_0.xlsx
41D081C6541E00DB9E8A7A8FAC05AFAF213A12EF9606B8D6D3C7F2DC613B1268,\\scsgttsqlpd15.amr.corp.intel.com\hrc\archive\output\excelrejected\6004821819_eu02_usd_mar282022_0727360_0.xlsx
E78906FF4679FDFACD66A34FDDC48D442BB700FAB99DFC52EC8F2F491DA5A018,\\scsgttsqlpd15.amr.corp.intel.com\hrc\archive\output\excelrejected\6004821819_eu02_usd_nov302021_0237240_2326919.xlsx
0A9F04DFB3C677A39A0B4934828A304F94348FDB8907EF4E76CBF54AAE0FBA97,\\scsgttsqlpd15.amr.corp.intel.com\hrc\archive\output\excelrejected\6004821863_am03_usd_mar112022_01373218_0.xlsx
C7637C7C44531C06CE7917E033B48E7091593E1B24CD5597D6E0838AE5D0D9EE,\\scsgttsqlpd15.amr.corp.intel.com\hrc\archive\output\excelrejected\6004822004_ap01_usd_feb102022_05490033_3527647.5.xlsx
E792D3C2AF17601CC89B9D74CCB6ABE3B62211B9322D145A040C9DF9A6467E1E,\\scsgttsqlpd15.amr.corp.intel.com\hrc\archive\output\excelrejected\6004822004_ap01_usd_feb172022_07553026_141.05.xlsx
ADCDF42994B19428CCB21253C5D7C833CF706C1F74D9D4E884F1F758D59CAD0E,\\scsgttsqlpd15.amr.corp.intel.com\hrc\archive\output\excelrejected\6004822035_ap01_usd_feb092022_08235335_3527647.5.xlsx
7C4A0956848A8F921F82BE472E95158F6E36D171B74C48FCD8108A72AA937C1F,\\scsgttsqlpd15.amr.corp.intel.com\hrc\archive\output\excelrejected\6004822035_ap01_usd_feb232022_05072511_0.xlsx
10806F00FC543CC25BAC41037600E539A37BCB3764E48CEF2FA0FFA0A9AB4311,\\scsgttsqlpd15.amr.corp.intel.com\hrc\archive\output\excelrejected\6027750681_ap21_usd_nov292021_0738320_0.xlsx
F2B7C16E10CA65608A12C18652A24B595CEA6D1FDA1CAFFBCB64F2B3949A7C33,\\scsgttsqlpd15.amr.corp.intel.com\hrc\archive\output\excelrejected\6100081029_am03_usd_dec062021_08020810_0.xlsx
4EE9B43905C40DA305407C608276E2A261CC95FED989E384CD8C7F7F7E4BEC4D,\\scsgttsqlpd15.amr.corp.intel.com\hrc\archive\output\excelrejected\6100081029_am03_usd_dec062021_10020861_0.xlsx
5FF944FA9D27F2A87044BDD9E37CBDAB1449CA69E163CF49AB16C5029CAE3F6D,\\scsgttsqlpd15.amr.corp.intel.com\hrc\archive\output\excelrejected\6100081029_am03_usd_feb072022_11055637_0.xlsx
106EF92A2C6752DC7B7DC98F23E66B5E33689039B62EE212F5F787382BECC60C,\\scsgttsqlpd15.amr.corp.intel.com\hrc\archive\output\excelrejected\6100207091_ap01_usd_mar102022_0505533_695554.75.xlsx
F13F0C56C3ECCBBBC83998A6B244560F0FEC4691FF091DD18211932D0D5BF443,\\treasuryrpatest-dm.cps.intel.com\cash\csa\archive\march\20220329\20220329bank_account_interest_amr.xlsx
C5DB6FF9E297A6DF46B06A20A7E298DF2799116FF4E08ADC085DBD471716D813,\\treasuryrpatest-dm.cps.intel.com\cash\csa\archive\march\20220329\20220329emails_mapping.xlsx
F213235D66BFE865402BA1B74D0958B52841C4973B234B46565CD60A2284EF0C,\\treasuryrpatest-dm.cps.intel.com\credit\cra\era\archive\logfiles\2022\march\2022-03-30_logfile.xlsx
790858B834CCB6F5320C55B14DD3F34E26A1C8C1A1128D9B4C9D72E88A011218,\\treasuryrpatest-dm.cps.intel.com\credit\cra\era\archive\tempfile.xlsx
9EF869B8564E644E5A73F08B8F141E42ABC4FF7EE5041D4F5C184F2362B76D05,\\treasuryrpatest-dm.cps.intel.com\credit\cra\output\excelprocessed\6004821980_ap21_usd_nov262021_0512172_0.xlsx
10B7613C1648B33F4594080044DCF3F6264CC75598CBEEEB185B6F5C720ECC06,\\treasuryrpatest-dm.cps.intel.com\credit\cra\output\excelprocessed\6004822164_ap01_usd_dec072021_0819070_0.xlsx
9F6222B356CE7BEA6FD3780E410F5FF3B05889415226A1F9EBD9F342269930A8,\\treasuryrpatest-dm.cps.intel.com\credit\cra\zpra_uat_document\cra_uat_results\compare_apr012022.xlsx
172199A9847A38464B11F01BD68C3FF209256046E5EEF4CEBEBF1B8A395D92E8,c:\users\rosenste\downloads\exama (2).docx
B7A06BD6F8A313F59ADBE5FB9034F1803A5B65C9FAD54CDE7342B188344469F5,c:\users\rosenste\downloads\exama.docx
A97FBF41D8017DBE5A11CA7082739BAC4FE406701F35C7F303E36247EAFA0B95,c:\users\rosenste\downloads\t_class10.doc
8DEF327EA99AE0382BDB2FFC4602A7791747B8E70C6E0B9366A3716D235A2313,c:\users\rosenste\downloads\דף נוסחאות אוטמטים ושפות פורמליות 1.docx
92505E7916290363C1BDBA6BEF82DF42991DF0CB723A5C6D0807FF3E58E56B03,c:\users\rosenste\downloads\טבלה סעיף 3 ב -תכנון הוראה שנתי-שיבוץ נושאי הלימוד עפי לוח השנה-לאתר קורס.doc
0CFDCC5DE6B4BF1A8FE5D52D76C65BF21BE004DDDE067B02D5C2929AEBDD383D,c:\users\rosenste\downloads\מרתון - חישוביות.docx
16636AA945FD8AE4D79A232C35DB8298CAB8D8F81E864700E1A324A3C5C6B94D,c:\users\rosenste\downloads\מרתון 3 אוטומטים גיל לוי.docx
3322B9A0E574FABC41C8305E2EA165A4B1985A8A6C8DFAF0DEFF335782A1BB3F,c:\users\rosenste\downloads\מרתון אוטומטים של גיל לוי 2.docx
2EABA50602FB62176E52487D5E7B6652300F8D6C5213BCC58E71A3FA63C09FAA,c:\users\rosenste\downloads\מרתון אוטומטים_.docx
E12DA12D8E3B8EC570AAAE4983D042235956CC5E333A8804B2652358A002C9B3,c:\users\rosenste\downloads\מרתון חישוביות - 19.docx
0F28C242CE1DAF4EA4819A599AEEC321002C0AE9A63C413AB5634331ACEAB7AD,c:\users\rosenste\downloads\מרתון חישוביות.docx
B714447F7CA8F0A90AEB8722FAD199B9F38CA556B2FDD80032C41738629DE32F,c:\users\rosenste\downloads\תוכנית הוראה שנתית רב נושאית לכיתות ט עבודת גמר.docx
DC9934CA940E4313AFD4ABC111652D217E9D23212AD523DB76F16FAB1BC8856B,c:\users\rosenste\onedrive - intel corporation\desktop\csa\archive\05072019\csa automation documentation.docx
80A0F42C52EEF8602F2EBE02E8E4C19392FCA9CAB1B2167EB0B4C90746D55AAC,c:\users\rosenste\onedrive - intel corporation\desktop\csa\march\06032020\אבן דרך 3 (1).docx
374825E25E7B6D5E9B786417F4DEA01BAFE1A9AFDCFA5BC3004B6D1D099C78C7,c:\users\rosenste\onedrive - intel corporation\desktop\daniela\daniela rosenstein cv.docx
B8F01E57769F80EFB16F19C0480BC6BC6CB47FDA9C360C450A0EED6D5E27392D,c:\users\rosenste\onedrive - intel corporation\desktop\daniela\קורות חיים\matan+lange_cv.docx
EB6DEC7E7485BBE5E9EE8BB352A96BACD38E5653D9270D6532C48B5205B438AC,c:\users\rosenste\onedrive - intel corporation\desktop\data for machine learning course\machine learning.docx
D0711908DD3F60AEE165CA3C5830D395A2E7607579BAE1ACE01D8D7679638D4B,c:\users\rosenste\onedrive - intel corporation\desktop\projects\hrc\csv converrsion\csv convertion.docx
10F38519D57727B31067991DA4BE670613F44BAF552F8C96030EEEB800C0B428,c:\users\rosenste\onedrive - intel corporation\desktop\reframework.docx
A983DBEA9E14779815FC16D6C544E2CB995E61C6614BF8242AE4CF7A3A37E5D2,c:\users\rosenste\onedrive - intel corporation\desktop\school\962b54f0-1e86-47a2-b2aa-d11c586d1514_637354422820147500.docx
7B8B733FB6A2741841B877D2B68B7E1C13AF80400958DCD4995BC23CF9B946FB,c:\users\rosenste\onedrive - intel corporation\desktop\school\bi\למבחן\סדפ פעולות bi.docx
FC5DD14C56B2C0E2B6EFF6C82547CD10C3FD35BFFE7D09BCACCE75B604CF1584,c:\users\rosenste\onedrive - intel corporation\desktop\school\bi\למבחן\סדפ שיראל bi.docx
8AA227F0CD185482CDAEE5DACE40F548FB88153695E8F19D96FC23D0AFA59D79,c:\users\rosenste\onedrive - intel corporation\desktop\school\bi\למבחן\פתרון תרגול למבחן.docx
95BB74A951ED98092FC4CFCE782AACE4F8AB1EB34416B66919D88D36D0A714A5,c:\users\rosenste\onedrive - intel corporation\desktop\school\bi\תיעוד פרוייקט בי איי.docx
35424B2957EB92B98BC892111FE2832A3AB9ED9BAF6461C2414F66CEB92E4E16,c:\users\rosenste\onedrive - intel corporation\desktop\projects\qt\data managment request.xls
B9208B385524D997342647CBF96374C498A3D86D5A3824F1E7601097628266C7,c:\users\rosenste\onedrive - intel corporation\microsoft teams chat files\data managment request.xls
8D6530EB84B49B565F97FBA2B9331B863E697E85F98D6C7CADD65275E6A8BB69,\\fmsaputil04.amr.corp.intel.com\hana\1. hana studio\sap_hana_studio_installation_instructions.docx
30395AA630E0A3797362DAE813D706DA4AEBC7D4E29DBA83CBAD26484A087DFB,c:\users\rosenste\downloads\exama (1).docx
2F8A27017EF079D42D543C4C0CD3F317BEDC5D467A1C1296B6086302522CD4DB,c:\users\rosenste\onedrive - intel corporation\desktop\school\search engines\מצגות\תשובות לשאלות לתרגול – מדדי הערכה.pptx
EE4CCC3123A9FFE69FA1B339ABA66A7D05C54DB8192F7717EA7A42A83AB54EBA,c:\users\rosenste\onedrive - intel corporation\desktop\school\stat\2019\11\תרגיל כיתה 11 anova  (1).pptx
27C8EA8687D2DA60E58FFCAE30CBCCFF4E0CB693EEF78240F0654BB817344468,c:\users\rosenste\onedrive - intel corporation\desktop\school\stat\2019\11\תרגיל כיתה 11 anova .pptx
4E1095C5D656E126D5C62CAC4BB4FE4DA0076D7E37016484D12867559B2255F3,c:\users\rosenste\onedrive - intel corporation\desktop\school\stat\2019\7\תרגיל כיתה  7.pptx
BA906FDFF983947905AD0C7DCC6C5A6E5F726369E881B6BB431F7AD0F04DF681,c:\users\rosenste\onedrive - intel corporation\desktop\school\stat\2019\רגול 9\תרגיל כיתה 9.pptx
008539B97275111D670B76823A4820A101C168DD2982ADDBB5807A0BF69401EA,c:\users\rosenste\onedrive - intel corporation\desktop\school\stat\r intro.pptx
49CC559A9D39352479BDE666E05D9E54875F7AA0AEC050B1D281F43C47524E8C,c:\users\rosenste\onedrive - intel corporation\desktop\school\stat\הגשות\תרגיל כיתה 9.pptx
4645DFDD8C8B250DA4D0992506DE445212C2A8D7FCC340035D537E56AACE4440,c:\users\rosenste\onedrive - intel corporation\desktop\school\אלגו 2\3372533.ppt
C4A1185068E9A99B9AC4D5B776C841A8FFDEB03991C2F193F98EA2DACBF8B92A,c:\users\rosenste\onedrive - intel corporation\desktop\school\אלגו 2\exer1.pptx
70BE39B7696E7591BC41A6CC601F7331AF2BF06F4A9EFE4BA1DED3F2DDD22DA7,c:\users\rosenste\onedrive - intel corporation\desktop\school\אלגוריתמים\minspantree.ppt
7DFA2C215895306CEEDCBFA714D353BF8878FA60B6F4F52BDE27EC84C2D51666,c:\users\rosenste\onedrive - intel corporation\desktop\school\אלגוריתמים\tut10.ppt
3331CC3C211D6C3AAE52F15D74DC07BA06615701CCEF21C44289EE1A3A83BA33,c:\users\rosenste\onedrive - intel corporation\desktop\school\חישוביות\מצגות תרגולים\תרגול 0.pptx
4208604D3C5F3291FC2AFBBC4A9CBC0A0EEE77F606A57D7BA7267947A0027FF9,c:\users\rosenste\onedrive - intel corporation\desktop\school\חישוביות\מצגות תרגולים\תרגול 1.pptx
9A352F573F18ABFBF7B0677EBF567FD0B4B9A0DBBD9FC50449EE4452D6FFC524,c:\users\rosenste\onedrive - intel corporation\desktop\school\חישוביות\מצגת 1 מכונת טיורינג.pptx
15A7D761B3A249A47BA7CB58124367882A5DD6B3DC47127B657C8CCB23E4E174,c:\users\rosenste\onedrive - intel corporation\desktop\school\חישוביות\מצגת 10- הוכחת משפט קוק לוין.pptx
6C67E5ABB62B4C396F5027BF12B9EBD9DF51281141C5DC26EA30E103CA8F8484,c:\users\rosenste\onedrive - intel corporation\desktop\school\חישוביות\מצגת 11- בעיות חישוב למול בעיות הכרעה והמחלקה conp (1).pptx
63C278EECBAF1BA349F09E415925E97720A1973611C3B91ABD9F926E2012201E,c:\users\rosenste\onedrive - intel corporation\desktop\school\חישוביות\מצגת 11- בעיות חישוב למול בעיות הכרעה והמחלקה conp.pptx
2746C7ABCDD267D0E3D9F6B7CF977093C4855ECA7AE8A0ADA881223878C873E9,c:\users\rosenste\onedrive - intel corporation\desktop\school\חישוביות\מצגת 2 - המחלקות r, re.pptx
B44B7F82C29238FFD891BF8089343CEA6EA52AA797CDCA7FF081860BBC52F1DE,c:\users\rosenste\onedrive - intel corporation\desktop\school\חישוביות\מצגת 3 - רדוקציות.pptx
720EF21788FF3DB8D9A3226634D09873CEEF646CD58180EC60CD669F478E0F15,c:\users\rosenste\onedrive - intel corporation\desktop\school\חישוביות\מצגת 4 - משפט רייס.pptx
8FA521E5AF445319CD032D94A2D6AF7D4031587AB362EAABB1B0C6A9E28F5932,c:\users\rosenste\onedrive - intel corporation\desktop\school\חישוביות\מצגת 5 - bhp  ושפות שלמות [autosaved].pptx
C6850D1EBCF279D9695B5FE41DF4A0DC0E4F55F8C322108470C5D1EC502288BC,c:\users\rosenste\onedrive - intel corporation\desktop\school\חישוביות\מצגת 6 - מכונת טיורינג אי דטרמיניסטית (1).pptx
1553FABBB7A81171E07D8E2EBE8CA244AEF1312153827A778508ADC9044477CC,c:\users\rosenste\onedrive - intel corporation\desktop\school\חישוביות\מצגת 7 - סיבוכיות - המחלקות p,np.pptx
8254339FA652DA2A742D3AD1DA6BF0AC424EB0227C4EEEA8EAC17CAEA9CB9446,c:\users\rosenste\onedrive - intel corporation\desktop\school\חישוביות\מצגת 8 - רדוקציות פולינומיות.pptx
CBCCC9636C329C345CF6640188FD2A142E38F8F4A6295CA13CCD4063CC7C9FF3,c:\users\rosenste\onedrive - intel corporation\desktop\school\חישוביות\מצגת 9 - דוגמאות לשפות npc והשפה sat.pptx
AE43EC51AED595BEF42B036BE6C367CCE3B10769A2E1BB503BE94A18B2600682,c:\users\rosenste\onedrive - intel corporation\desktop\school\חישוביות\שיעור חזרה.pptx
E9BBB6205162C512F4ABE548F900EEA9CEA2828B9C515FF6FB86758A91BB9BA3,c:\users\rosenste\onedrive - intel corporation\desktop\school\מערך מפעלים\class 1 introduction.pptx
7D84769FB960D043A45A5A1D9F8DE7F0E423302FE4292C804CDEC9040835BD4E,c:\users\rosenste\onedrive - intel corporation\desktop\school\מערך מפעלים\class 2 product and equipment analysis.pptx
6C8B3D9470106DC192E34B42B207C71B08B0F95ED0C36A76F787C68C6AAA1C68,c:\users\rosenste\onedrive - intel corporation\desktop\school\מערך מפעלים\class 3 process and material flow analysis.pptx
44736606C3785161D578B01BD9531258ADED4DA415A16EF68255BD0EF9C1CF9F,c:\users\rosenste\onedrive - intel corporation\desktop\school\מערך מפעלים\class 4 traditional approaches to facilities layout (1).pptx
2BA294F68D9D01E355F619F34FDE6842A739B9A7F8623C92AA2D40C7F0C3BADE,c:\users\rosenste\onedrive - intel corporation\desktop\school\מערך מפעלים\class 5 models for the layout problem.pptx
C066A3C9485114D16F93785D3FC18262E4D1DA5A18B308D64FD98D8EDF12EFBB,\\vmspfsfsfm01.amr.corp.intel.com\csa\test\mapping\trs.xlsx
09DB3DBCD7817CD8064FA20B930ABBCC84712450B3B4B478002C7C34EB7E40BE,c:\users\rosenste\onedrive - intel corporation\desktop\school\e6bbaaf7-0584-4624-863f-4b112e3f4fb4_637354426723745000.doc
DE3CF4F676C410ACD4628FE6E7D8757FEA566B0609E077B77C2E31FAE981EC71,c:\users\rosenste\onedrive - intel corporation\desktop\school\search engines\מצגת 10.docx
7BB91A8317323108C841681D8C300A63FAB078C846A7A10AB9BAB6871A4A0288,c:\users\rosenste\onedrive - intel corporation\desktop\school\search engines\סיכום דניאלה.docx
E4CD6D12FE9B1ECD87A0DA3D057AA9E658988C6222501788F8E8B5773D6C5164,c:\users\rosenste\onedrive - intel corporation\desktop\school\search engines\סיכומי שיעורים.docx
0800B143A7B2B24B7505E1E995901261B9B5ACFFCAFB708431EE2666C7230B10,c:\users\rosenste\onedrive - intel corporation\desktop\school\search engines\פתרון מבחן.docx
D0C65C11E0119D022D7B4BC21ABA127797E8D9CF1587AF7C6F4A5B1D59D0F380,c:\users\rosenste\onedrive - intel corporation\desktop\school\search engines\פתרון תרגיל 1 תשעח.docx
00FADDDA11B0C3A75132A24875E21DCD2BCD938FA5BD156960376389BA9DAA25,c:\users\rosenste\onedrive - intel corporation\desktop\school\search engines\פתרון תרגיל 2 תשעח.docx
7120E53FE02C71734B191F38E644BB96C462B44EC6AFA9297B50545AC557DC09,c:\users\rosenste\onedrive - intel corporation\desktop\school\stat\1\תרגול 1תרגול 1-פתרון.docx
8F975EC9350B4EA3CF66F7CEDC2D140B1F31D8F07BC1048AB9EC2D6EC55DA0EC,c:\users\rosenste\onedrive - intel corporation\desktop\school\stat\2019\1\מבוא לסטטיסטיקה תשפ תרגול  1.docx
F456E5359847C7EA46E6464A976D3A9A84064D56B99B5FEA1D0E48DE56444051,c:\users\rosenste\onedrive - intel corporation\desktop\school\stat\2019\2\lessonnum2.docx
0A443772C3230E1BE7E15448E40698592C84CE0E86216DE799CB8D42A0BED038,c:\users\rosenste\onedrive - intel corporation\desktop\school\stat\2019\3\תרגול 3 עם פתרון.docx
604FE8C1D9B70AC51DE5B078948DC569A2113B579EEBED8FD759F53262B965DD,c:\users\rosenste\onedrive - intel corporation\desktop\school\stat\2019\3\תרגול 3_מעודכן 20.11.2019 (1).docx
42E808EAF7ED560572129881AC1C8514F33508793E9C195F88D67CEFA84B24BF,c:\users\rosenste\onedrive - intel corporation\desktop\school\stat\2019\3\תרגול 3_מעודכן 20.11.2019.docx
8F5FE713CF97C34CB578F9E6E8C90410E3989BB2139DD77D6480A553F6AAAC6A,c:\users\rosenste\onedrive - intel corporation\desktop\school\stat\2019\5\תרגול 5 שאלה 6.docx
06A29F9EBD83BA7A192CF5679E866FE705DA4E32288BB92A9E96ED94F9FAA8D3,c:\users\rosenste\onedrive - intel corporation\desktop\school\stat\2019\רגול 9\תרגול 9 תשף.docx
FD9768C8AF21B69E5303AB85F00E35247FC8F260DF6408D3955A101B8153AFA6,c:\users\rosenste\onedrive - intel corporation\desktop\school\stat\2019\תרגול 10\תרגול  10.docx
9F164B8D0481695E5D75F8062FD37F343CB18B3A0A0DAE2E92B507B915A90413,c:\users\rosenste\onedrive - intel corporation\desktop\school\stat\2019\תרגול 4\תרגול 4 גרסה אחרונה.docx
53F7D279BBC9CA006CA800B00FF8AF68ED73BDB6DCC454E4E20743958C79C582,c:\users\rosenste\onedrive - intel corporation\desktop\school\stat\2019\תרגול 4\תרגול 4 מתוקן.docx
7CB4CC037AB65ABDD99C6D407BB6F03425CA4C7AD1EAAF5F9389E2619260DD99,c:\users\rosenste\onedrive - intel corporation\desktop\school\stat\2019\תרגול 4\תרגול 4.docx
ACBE606D29333F713700F2DABD93D2D71CC24948D75B16FCABC24594D7B97CDE,c:\users\rosenste\onedrive - intel corporation\desktop\school\stat\2019\תרגול 6\מעודכן תרגול 6.docx
C2FB40854DE028EFC86FADBD64100325D3F2FB2366A38EDF02FC6866BE99A4AA,c:\users\rosenste\onedrive - intel corporation\desktop\school\stat\2019\תרגול 6\תרגול 6.docx
09A2EDA93A54A8B85602ECDCDCC633873F00958FF2BEC5500011F20C2162E842,c:\users\rosenste\onedrive - intel corporation\desktop\school\stat\2019\תרגול 8\תרגול 8 מעודכן.docx
EB8B7F8838964342475F0F0A4FFB70B37669AE5F85CE3B04115B2B719C687F0D,c:\users\rosenste\onedrive - intel corporation\desktop\school\stat\2019\תרגול 8\תרגול 8.docx
FC4520D71D0A087AE103582BCA95D56E6A6C2FA080CCCB5671E9065DD9CF1A3A,c:\users\rosenste\onedrive - intel corporation\desktop\school\stat\r\פתרון תרגיל בית 1.docx
804AF311304C27C33211AC042C7DF118DB8FBE64F2CA2026DFF313DAF7696AA2,c:\users\rosenste\onedrive - intel corporation\desktop\school\stat\הגשות\בקשה להעסקת בודק תרגילים-19.doc
A0010398F3C19627DB286BB6CCE0DC0A986B742C22E26B8B2C689102026E463B,c:\users\rosenste\onedrive - intel corporation\desktop\school\stat\מבחנים\tapi 2 2019-2020 winter moed 2.docx
CD241EC33535FC445263303E7F4710A88224289F070CF681CB9D370FBBCBD58F,c:\users\rosenste\onedrive - intel corporation\desktop\school\stat\תרגול 10\תרגול חדש 10.docx
B763398B620EB9F84C247CB35588B35377FBEA53FEFD44414F38166BA0755AA4,c:\users\rosenste\onedrive - intel corporation\desktop\school\stat\תרגול 11\פתרון תרגול 11.docx
401B5EEB4C435A52FC3E05CF346587E2D64ACD7122E21DD9CA430E2B3EDC1F9A,c:\users\rosenste\onedrive - intel corporation\desktop\school\stat\תרגול 5\תרגול 5 עם פתרון r.docx
4C0D74363D7BB2D993648E2C838BCDB1478FD4EB4EC6714E70FAA2BD6EED41E4,c:\users\rosenste\onedrive - intel corporation\desktop\school\stat\תרגול 5\תרגול 5.docx
CDB98AC65F14687BF18384C094FE4EFB283BF06D2E7E72DDA25F7757E63F477B,c:\users\rosenste\onedrive - intel corporation\desktop\school\stat\תרגול 6\תרגיל 6 - חדש!.docx
EA946B6F6CE33E79827DF1DDCEA6ABCE1B017EF9B6E5ECBAD5AD66A25E995581,c:\users\rosenste\onedrive - intel corporation\desktop\school\stat\תרגול 7\פתרון תרגול 7.docx
6F41B37A8562A4E7E8CC3E92EC2ABA9F76179307F9A2DAC8D5A73D84AE3CCCC8,c:\users\rosenste\onedrive - intel corporation\desktop\school\stat\תרגול 9\פתרון תרגול 9.docx
4B46976A4EC11DF921043FAD0DF38803EE0DCE6B893C53881C68CD927719C01A,c:\users\rosenste\onedrive - intel corporation\desktop\school\ui path\ui path.docx
5BEF644672CD69B4D4BC828BB080B85CE4F2A8F1539129188EEBD85DF029B8CD,c:\users\rosenste\onedrive - intel corporation\desktop\school\אוטומטים\שיעור 1.docx
148F36A984FA2D080AA1CE3D7E6413D0518035C02378D1BA01541668727ADC8F,c:\users\rosenste\onedrive - intel corporation\desktop\school\אוטומטים\שיעור 2.docx
B872557B1A021CC897DAEF0A94D6B7B552B1DC7A97FE8C9105056854996CEE06,c:\users\rosenste\onedrive - intel corporation\desktop\school\אוטומטים\שיעור 3.docx
102D92657EFAFC2E5E33529FB6A59553C596DCEB54B4BBA51735E0C164EC2CB7,c:\users\rosenste\onedrive - intel corporation\desktop\school\אלגוריתמים\32757192.doc
92B4F97D0AF92E532E75D8B4D51B47FAAD4B53A94710FE175A61AD26676D1E87,c:\users\rosenste\onedrive - intel corporation\desktop\school\אלגוריתמים\ex2.doc
43A9366740B954DBF1545139EE1711CED08A3D1053A8F3EB86D57D065D9DB659,c:\users\rosenste\onedrive - intel corporation\desktop\school\אלגוריתמים\exam-b-ds031-sol.doc
1985D83D9CF5E151FB1CF204D190E64E8709F3E788653AE4419A29EEBB14F5E6,c:\users\rosenste\onedrive - intel corporation\desktop\school\אלגוריתמים\exam2008a.doc
FCC055772B1E19B9D2B00EC156A5207F4A09167367ED525C3AA8A6AC7D4AF412,c:\users\rosenste\onedrive - intel corporation\desktop\school\אלגוריתמים\fds132-ex4-solution.docx
0046A8801002CC907FB502537A9B852AF20D209440CB3AE40D7B65470A3B7E6F,c:\users\rosenste\onedrive - intel corporation\desktop\school\אלגוריתמים\graphs1 (1).doc
E4CA52DC22887D7001D4DC20BF0784CCFDD7A5D3F128AB91ED7B5E7554CF5D05,c:\users\rosenste\onedrive - intel corporation\desktop\school\אלגוריתמים\graphs1.doc
104FFC21F76557A014E3E322EBBAB698EE1DE41A176F2836696C6ACAE32F7EFB,c:\users\rosenste\onedrive - intel corporation\desktop\school\אלגוריתמים\tutorial5 - msts.doc
C3BE4C4452B7C472B66054767812800E60DABC6831B9F9354E043E4BA8198798,c:\users\rosenste\onedrive - intel corporation\desktop\school\אלגוריתמים\חלק מנוסחאות.docx
76FF8D4E4ECB0BD104B0E7C4DD0EEDE52E15C6904C57D237A1B70A9AAA5CBD38,c:\users\rosenste\onedrive - intel corporation\desktop\school\הנדסת איכות תוכנה\הנדסת תוכנה - סיכום (לא להעביר).docx
47AE3846ADDE5387197549797BFE238C1846BE94F8FA07FCFFE412B16F1375F7,c:\users\rosenste\onedrive - intel corporation\desktop\school\הנדסת איכות תוכנה\למבחן.docx
D7EB818E504266BF7FF0FD37329034A81CC885C0C212D5C1312D9B9533B0F23E,c:\users\rosenste\onedrive - intel corporation\desktop\school\הנדסת איכות תוכנה\תרגיל 1.docx
88E5659AEF6B91C6433A00FFA3ED10D788F88390AD1B5E594404865BD71BD14D,\\scsgttsqlpd15.amr.corp.intel.com\hrc\archive\output\excelprocessed\6004822322_eu02_usd_feb202022_06362422_53774.34.xlsx
22D7BF06B0341AB6190D23D449160E3057C8DC64557DA2D32E26AD741418F809,\\scsgttsqlpd15.amr.corp.intel.com\hrc\archive\output\excelprocessed\6004822328_ap21_usd_dec122021_07360445_7299011.xlsx
449378A2933013C8B81ADFE6BAD52408CEE1DAA9F162F3C7CB699DD2081912BB,\\scsgttsqlpd15.amr.corp.intel.com\hrc\archive\output\excelprocessed\6004822328_ap21_usd_feb212022_03020220_2472000.xlsx
0F2BDF0F9D1F6AE4126D72087CCC47DA6887871A2B1810800442E48B8DC239C8,\\scsgttsqlpd15.amr.corp.intel.com\hrc\archive\output\excelprocessed\6004822332_eu02_usd_dec142021_05510938_11439.xlsx
59C69158D7A5162E6B8186A6CBE65FA73D3990C8237B3B526C84670E3E1B7B37,\\scsgttsqlpd15.amr.corp.intel.com\hrc\archive\output\excelprocessed\6004822332_eu02_usd_feb182022_05104423_4720.xlsx
9F0951B18E92E0FDF8BB15C08EAA2ECD62FCEE8FCD50AA354CF3F8F3AB597616,\\scsgttsqlpd15.amr.corp.intel.com\hrc\archive\output\excelprocessed\6004822396_eu02_usd_dec232021_12002426_47971609.24.xlsx
B21056A363BCE668226774C2D502A4D6F35FA9E807F1ACA9B6F987C1F1F56DD7,\\scsgttsqlpd15.amr.corp.intel.com\hrc\archive\output\excelprocessed\6004822584_eu02_usd_feb032022_01443440_0.xlsx
083217CA92A8E1BE0400002C7C351D7D11B8355F205D2F3D43A413B1B1BF282D,\\scsgttsqlpd15.amr.corp.intel.com\hrc\archive\output\excelprocessed\6004822584_eu02_usd_feb102022_01331434_0.xlsx
C9042674E4D911BBBD79A3A8BA19115D23C91336FBE4327560B761F98ECDD8CB,\\scsgttsqlpd15.amr.corp.intel.com\hrc\archive\output\excelprocessed\6027750681_ap21_usd_jan172022_0741440_848546.xlsx
782EC8E80704E295008964103DABD259CDD0ADEA1B7EA39844B605940AE1C855,\\scsgttsqlpd15.amr.corp.intel.com\hrc\archive\output\excelprocessed\6044381837_ap21_usd_feb242022_1136223_47322789.01.xlsx
685F67E48BDA6A084DE0490D8135DFD3472B04210DC1295D9E7E2EB904A9437D,\\scsgttsqlpd15.amr.corp.intel.com\hrc\archive\output\excelprocessed\6100010363_am03_usd_dec072021_09141149_-1384027.xlsx
AF0F2BC9D9A518EE1D88E11B5FC8A768091C04743D415CEC65337126AABF2EEC,\\scsgttsqlpd15.amr.corp.intel.com\hrc\archive\output\excelprocessed\6100010363_am03_usd_feb152022_09065210_-1769285.xlsx
7A572FB536A5F6E46B00082254080316F380BD39BD80CDC08A1BF92C257F7990,\\scsgttsqlpd15.amr.corp.intel.com\hrc\archive\output\excelprocessed\6100010363_am03_usd_feb152022_09065211_-1769285.xlsx
FD312004403526179632DEDC5C0CBF64960025A949AE044205201EDBD94EE52F,\\scsgttsqlpd15.amr.corp.intel.com\hrc\archive\output\excelprocessed\6100082479_ap01_usd_feb152022_0202276_94670653.6.xlsx
441B81ABD4B00656D761AF0C088C0223FCBB80EEAFB68EC0983C38B7167CF19A,\\scsgttsqlpd15.amr.corp.intel.com\hrc\archive\output\excelprocessed\6100087219_eu02_usd_dec072021_04053928_519500.xlsx
CA7E8567CD025115F28BCEEC5E3BDC827FFF5542C123774089688B18CD80A3A5,\\scsgttsqlpd15.amr.corp.intel.com\hrc\archive\output\excelprocessed\6100087219_eu02_usd_dec142021_03520521_-963280.xlsx
C1112B5C5326B572D8353043D3D606A6593CA68DCD2063B169B3EFD14B3E72A9,c:\hrc\data\config.xlsx
7F4685B3AEB23FF74FDFF14BEF8C406B4F9E19DB47D5EAA6ACA97F49629048DD,c:\hrc\data\pdftoexcel.xlsm
FA3D1A70D5C84E6467CB01E728ECABE1E51CCD2431092F6CEFED8590A0C215DB,c:\users\rosenste\onedrive - intel corporation\desktop\school\search engines\מצגות\שיעור4_אינדקסים סטודנטים.pptx
1925C07A7B7D41842E94273B0B2EE76369D1328C1A02F85C997C461D5BBEBD78,c:\users\rosenste\onedrive - intel corporation\desktop\school\מערך מפעלים\class 6 basic algorithms for the layout problem.pptx
38886937AFC9BD359F5928E1D3F943E87F3A4C34CECBCCC1F194739A6CB68C82,c:\users\rosenste\onedrive - intel corporation\desktop\school\מערך מפעלים\print\class 7 group technology and facility layout.pptx
33009F32E3310E8D76E7B1082CC33856D84DB365E8DEDD3412C0262D1F5C3CB2,c:\users\rosenste\onedrive - intel corporation\desktop\school\מערך מפעלים\פתרון.pptx
D135B56B57E0F9FF6A965B5DD408C3E6C98522DB09DFC6CEDA9D701260368835,c:\users\rosenste\onedrive - intel corporation\desktop\school\מערך מפעלים\תכנון ניסויים.pptx
595C5B302B91C2CEE4AFCB5DB49CB4A617DFC0BF54C5B439583315E8347433A4,c:\users\rosenste\onedrive - intel corporation\desktop\school\ניהול מערכות אספקת מלאי\מצגת מאמר 13 15.1.20 (1).pptx
2CCACA040C78778B972868548D6765843825AC8540477BF9D53F8AC4BBA96225,c:\users\rosenste\onedrive - intel corporation\desktop\school\ניהול מערכות אספקת מלאי\מצגת מאמר 13 15.1.20.pptx
A8CC5A24050545D68C7CF66F56702F4CE5F5D70C206CB47337441FDD5574DE7F,c:\users\rosenste\onedrive - intel corporation\desktop\school\ניהול מערכות אספקת מלאי\מצגת סופית - יונית (1).pptx
9F03A05E197D25E70317D471A39B870A0D1A153B962E763879E8FF9BE1824D0F,c:\users\rosenste\onedrive - intel corporation\desktop\school\ניהול מערכות אספקת מלאי\מצגת סופית - יונית.pptx
B2464D6314E6F7491063A0A9BA957F5CE1BAEC52E06AA44C0841EE76865EF629,c:\users\rosenste\onedrive - intel corporation\desktop\school\ניתוח אירועים בתעשייה\בחירת ספקים בשרשת אספקה (1).pptx
14A94550DAB35CF64CA001420993D40EB397C9A24B868F7FCB44D689F3C99C3C,c:\users\rosenste\onedrive - intel corporation\desktop\school\ניתוח אירועים בתעשייה\בחירת ספקים בשרשת אספקה.pptx
A311164649AF45A78678F96484B38EED3E437D0427E7CEC541F37388C1D182F3,c:\users\rosenste\onedrive - intel corporation\desktop\school\ניתוח אירועים בתעשייה\בחירת ספקים בשרשת אספקה.pptxחדש.pptx
4124E8C4B287BFFAB228A3B3C56A11D5B2A99529566CAA532BBA9509FF16AB31,c:\users\rosenste\onedrive - intel corporation\desktop\school\שיטות חיזוי\hmm (1).pps
86F041C04236C00AC593201BC70C3DB8D1FC57400091031E6E412935F6CDF3FB,c:\users\rosenste\onedrive - intel corporation\desktop\school\שיטות חיזוי\hmm.pps
989030F7DCF54B0742CC720CD45C8F2359783474C3173EDB1DD4629E5CB5E120,c:\users\rosenste\onedrive - intel corporation\desktop\school\שיטות חיזוי\lecture01 - introduction (1).pptx
4C9C69E81CFB0D6048D49C50D96E0160FA84BD56767597F8B24FF63A36DF65B8,c:\users\rosenste\onedrive - intel corporation\desktop\school\שיטות חיזוי\lecture01 - introduction.pptx
24904025ACB87E3F7884549987421F919465D36FFCE9312860A511DDF9C524E3,c:\users\rosenste\onedrive - intel corporation\desktop\school\שיטות חיזוי\regression.ppt
DA6461BFCFA8BAC5A90940C0678EC960FB2FFAF9E428328D55F2FB926B47D7F7,c:\users\rosenste\onedrive - intel corporation\desktop\school\שיטות חיזוי\תרגיל כיתה 10.pptx
1BD47825666FCA8525195536DD679233E4B0D4F61754132ED863743BFB886111,c:\users\rosenste\onedrive - intel corporation\desktop\school\שיטות חיזוי\תרגיל כיתה 11 anova .pptx
68248D06192087558AA0E2BDC83D6FE2D63F852E69A139F3C26B120843A855C5,c:\users\rosenste\onedrive - intel corporation\desktop\school\שיטות חיזוי\תרגיל כיתה 9.pptx
EF9648A382F20B0A933BD17DD4A71FBA88161D3B7EBEFD40527AEAD46FBF4AF8,c:\users\rosenste\onedrive - intel corporation\desktop\school\תקשורת שיווקית\6091688.ppt
FE933F2AAB123D04A4392703B5E7899FF2CC4994296722CF02BCBDE343C12A11,c:\users\rosenste\onedrive - intel corporation\desktop\school\תקשורת שיווקית\laudon-traver_ec14_ppt_ch08.pptx
6A03F8FC38CE011EBAE8F124D3632EC51FC23F9B4A96B549B30269AD5406E23F,c:\users\rosenste\onedrive - intel corporation\desktop\school\תקשורת שיווקית\laudon-traver_ec14_ppt_ch10.pptx
C97421562C945DECA2F4B65DC0F340CA21B623F406D46C81152A04B50910FE42,c:\users\rosenste\onedrive - intel corporation\desktop\school\תקשורת שיווקית\גלזר תרשימים.pptx
72BD5E78F3243920A0956B92D05E2990B59C7F58C25B1D1739D3C4F0411E51B7,c:\users\rosenste\onedrive - intel corporation\desktop\school\תקשורת שיווקית\הרצאה 4.ppt
A507B3D945342B34F33810F10AD38D695B8EB8986954A661A4621AF66DDB72C9,c:\users\rosenste\onedrive - intel corporation\desktop\school\תקשורת שיווקית\טוויטר להצגה.pptx
7976408B35A75DC6631409E84045F8F11FA05671473321F8BBEB038531E72CCD,c:\users\rosenste\onedrive - intel corporation\desktop\school\תקשורת שיווקית\תקשורת שיווקית פרזנטציה.pptx
A76E2A87B180DC63F17453472A6E3A97FB33E5299975385731432913995CDF16,c:\users\rosenste\onedrive - intel corporation\desktop\school\תשתיות ויישומי אינטרנט\תשתיות וישומי אינטרנט –.pptx
8DF3501F9BB22ABF611396CF6A14A2672B0209D5184375A3B864EC542427C02C,c:\users\rosenste\onedrive - intel corporation\desktop\stat course\internal ppt template keynote blue.pptx
BFE2B972C450B5A0BF1EF536B2C579CDA842D05649BF340296B34543EDAD6671,c:\users\rosenste\onedrive - intel corporation\desktop\stat course\statistics intel.pptx
F9B04E9D31456B11FCE674F2C9BBEF2BD8DF4A0DD7D81572F3CFDAD8BB0D014F,c:\users\rosenste\onedrive - intel corporation\desktop\statistics intel1.pptx
42A98DEF93B6612ABC87D58221656CF4A3A2BD6A750935D52C0E64CF483747E9,c:\users\rosenste\onedrive - intel corporation\desktop\statistics.pptx
8CE0918D1E776E6D6277D78DC9CF8154F0F789FE2135CA7C6E3F87F264A5E08B,c:\users\rosenste\onedrive - intel corporation\desktop\training\day 1\databases intro.pptx
46BB8441C38606FBD397707D87387FA96DE3BE579D79BCDCB885713B8699385D,c:\users\rosenste\onedrive - intel corporation\desktop\training\day 1\machine learning & ai intro.pptx
4013A77CE0D220832D6C742D77ED755540F2FC205B620816C1C521A4917DE616,c:\users\rosenste\onedrive - intel corporation\desktop\training\day 2\power bi.pptx
432F44263B78AE9B1AE4779407A691ADB4940227EF1A661E2044B65146B60365,c:\users\rosenste\onedrive - intel corporation\desktop\training\day 3\excel vba.pptx
3152A8B918414517324B18670FB76C7A79EE4D420893D6E5A32AA061D4353038,c:\users\rosenste\onedrive - intel corporation\desktop\treasury training\excel vba.pptx
BC8FEBDCBE0F6216A1E65FE4CFEFAFD9DC316692208C67C1CC824015B8827F4E,c:\users\rosenste\onedrive - intel corporation\desktop\treasury training\excel_vba\excel vba dfile.pptx
34CFCFE10FCD4878E51DAA3BC068C52CA07D05D8C06E630978BF9A6F36987FB7,c:\users\rosenste\onedrive - intel corporation\desktop\treasury training\excel_vba\excel vba.pptx
26F196DD0F228B3520F89BFD6CE139CFE9E2D21C6511E9AB5B8266430CEBAB81,c:\users\rosenste\onedrive - intel corporation\desktop\treasury training\excel_vba\regional-report-powerpoint.pptx
B713AB1CCAFB443A7584419644B9FE11AE0DAB0723083FA54984333962556791,c:\users\rosenste\onedrive - intel corporation\desktop\treasury training\machine learning & ai intro dfile.pptx
4E595712BC265D7CB53460A4AD0DC292C3CEC947FDE8C12C59FD6C342B4189E5,c:\users\rosenste\onedrive - intel corporation\desktop\treasury training\machine learning & ai intro.pptx
1D338882B667510B46DFC667864E8184F0C2B3115DAF416614659BBCC5D12E94,c:\users\rosenste\onedrive - intel corporation\desktop\treasury training\power bi\power bi dfile.pptx
F6F5506DFAFF684A3D253C3AB86FEF761FEFB736BB19E6DCF1F4A0D641E15E9A,c:\users\rosenste\onedrive - intel corporation\desktop\treasury training\power bi\power bi intro dfile .pptx
8C12FC439EC6D59D5C6BD836EC44A7323941758FE80FCC7850F0383B34444D3C,c:\users\rosenste\onedrive - intel corporation\desktop\treasury training\power bi\power bi intro.pptx
F592FE24705410D00086043888B0F510C67F3652E93DA9623AC5F38798E464F2,c:\users\rosenste\onedrive - intel corporation\desktop\treasury training\power bi\power bi.pptx
29B8A271E2435A7A6E6E3A52A990DDED01A738408A729BC96EF9D32871931615,c:\users\rosenste\onedrive - intel corporation\desktop\treasury training\r intro.pptx
2D68B0B9277D7B1B070EF1D74715A73997FEA2C13EFACB7705B234CA629691E2,c:\users\rosenste\onedrive - intel corporation\desktop\treasury training\sql\databases intro dfile.pptx
E1F988BA80A2111D8FC3E2B26BCC2BC06940E75F520D931CED037A878EA41E5A,c:\users\rosenste\onedrive - intel corporation\desktop\treasury training\sql\databases intro.pptx
71849D8D8F59493D5F76A2061D41849131633905AA9F045D831ECEDBDCC6BAB6,c:\users\rosenste\onedrive - intel corporation\desktop\velvet ai -daniela rosenstein.pptx
D085A51651ECE2696AE97D1A7021EED95F408C159F9101B86470135C8E227EE5,c:\users\rosenste\onedrive - intel corporation\desktop\בנקים\leumi\הצעה של בנק לאומי מוארכת עד סוף 2020.pptx
A3B2FE768B705B512549C72A3BED802B59C508D3C7C88846E03D75CE5B327743,c:\users\rosenste\onedrive - intel corporation\documents\csa automation process.pptx
24DCD4DE2A7235744DE3CE4C3601DA1D5C3F8DF42BE73E0740BB1B70C5E93AC7,c:\users\rosenste\onedrive - intel corporation\documents\my received files\תקשורת שיווקית פרזנטציה - שינוי שיראל.pptx
5B5C82FC9B37FDF2D853016F7A08AC3E99382525A4F5504A6C7A69CAF44D6409,\\scsgttsqlpd15.amr.corp.intel.com\hrc\archive\output\excelprocessed\6004821819_am03_usd_dec132021_05430543_10205531.78.xlsx
3ABE6D0AA33EEEDE0283F502C6EB199ABF904070D5F24BBBE7B65A2AFD0958D5,\\scsgttsqlpd15.amr.corp.intel.com\hrc\archive\output\excelprocessed\6004821819_am03_usd_feb152022_0151558_8723028.xlsx
B21635E40C091F0073CC10ED31D9182C06ABCFB49835E000F01DE0D0518895E5,\\scsgttsqlpd15.amr.corp.intel.com\hrc\archive\output\excelprocessed\6004821819_am03_usd_feb252022_0306090_20580.xlsx
2F8617A80B1889279CDFF6A60F4428C36188A33D320319711CA402D77168F9A5,\\scsgttsqlpd15.amr.corp.intel.com\hrc\archive\output\excelprocessed\6004821819_am03_usd_feb252022_0431191_12955.53.xlsx
30653A7B7DB4B498D9DFBE986A6816C4CCB89264AC86D62E2BF5813787AC1BAC,\\scsgttsqlpd15.amr.corp.intel.com\hrc\archive\output\excelprocessed\6004821819_ap01_usd_feb252022_0433350_568.xlsx
91C6F8F3B118691E943C06C27745E5688732B0BBFCF4C170B24A4173AF3B5222,\\scsgttsqlpd15.amr.corp.intel.com\hrc\archive\output\excelprocessed\6004821819_eu02_usd_dec132021_05451742_1004752.46.xlsx
335331170FCCEF88C1955556CCF71D34206640156D774922D630D7537D651D1F,\\scsgttsqlpd15.amr.corp.intel.com\hrc\archive\output\excelprocessed\6004821819_eu02_usd_feb042022_07521562_0.xlsx
EB0DBB495DA79F9073499B5B9A8C6C0F38EC2C1FBF4BCBE282C562486CC55097,\\scsgttsqlpd15.amr.corp.intel.com\hrc\archive\output\excelprocessed\6004821819_eu02_usd_feb152022_0152467_9776215.xlsx
745AB75E702093D93D156581CB167FF358AA08CD5B5EE26C6E37918BB60499B8,\\scsgttsqlpd15.amr.corp.intel.com\hrc\archive\output\excelprocessed\6004821840_ap01_usd_dec162021_0623172_50288004.92.xlsx
F1FAC21FC9503DC4FA91F1C4D7FA44B2636240FC7348A599298D60155CC59FDE,\\scsgttsqlpd15.amr.corp.intel.com\hrc\archive\output\excelprocessed\6004821840_ap01_usd_feb152022_0145160_49504051.92.xlsx
EC81322EC7AF23D7090E98328202EB391E3FEBF71DE1159DA177B8C4FA6E897E,\\scsgttsqlpd15.amr.corp.intel.com\hrc\archive\output\excelprocessed\6004821840_ap01_usd_feb152022_0145164_49504051.92.xlsx
47A69898453B400F9A019E8DCC14449CBF64DAD84E246D450991D215EED2A2E4,\\scsgttsqlpd15.amr.corp.intel.com\hrc\archive\output\excelprocessed\6004821840_ap01_usd_feb232022_01501912_20106658.75.xlsx
1C4153026AB5E436EC0B03B48F62DC00AFF64D434E6FA00DAA919701E756F84F,\\scsgttsqlpd15.amr.corp.intel.com\hrc\archive\output\excelprocessed\6004821844_am03_usd_dec142021_12165820_810368.xlsx
6FFB19F022C513C628D404084CEBCD127437AB0D637E272FD1A270A213DDC954,\\scsgttsqlpd15.amr.corp.intel.com\hrc\archive\output\excelprocessed\6004821875_am03_usd_jul192021_1009140_2160663.xlsx
0E9DDE792FE4D8F2E304D9A1507827301034D0AD2C50A2033966B79CFF0B5C6A,\\scsgttsqlpd15.amr.corp.intel.com\hrc\archive\output\excelprocessed\6004821890_ap01_usd_dec212021_0758561_3556257.5.xlsx
0C0A8F3623F1BCA4E87913298335B3722429B658822E6DD3377F78F3B045A0DF,\\scsgttsqlpd15.amr.corp.intel.com\hrc\archive\output\excelprocessed\6004821890_ap01_usd_feb222022_07073514_3527647.5.xlsx
C2BA50EDD7A16FA1BD9D1CE828963329F21CA8F90DBEBF188EA083E3F6CF1471,\\vmspfsfsfm01.amr.corp.intel.com\csa\mapping\emails_mapping.xlsx
